TN:
SF:./toastr.js
FN:14,(anonymous_1)
FN:15,(anonymous_2)
FN:16,(anonymous_3)
FN:46,error
FN:56,getContainer
FN:68,info
FN:78,subscribe
FN:82,success
FN:92,warning
FN:102,clear
FN:110,remove
FN:124,clearContainer
FN:131,clearToast
FN:137,(anonymous_14)
FN:144,createContainer
FN:155,getDefaults
FN:195,publish
FN:200,notify
FN:248,escapeHtml
FN:260,personalizeToast
FN:269,handleEvents
FN:276,(anonymous_22)
FN:287,(anonymous_23)
FN:294,displayToast
FN:311,setIcon
FN:317,setSequence
FN:325,setTitle
FN:332,setMessage
FN:339,setCloseButton
FN:346,setProgressBar
FN:353,shouldExit
FN:364,hideToast
FN:376,(anonymous_33)
FN:388,delayedHideToast
FN:396,stickAround
FN:404,updateProgress
FN:410,getOptions
FN:414,removeToast
FN:429,(anonymous_39)
FNF:39
FNH:34
FNDA:1,(anonymous_1)
FNDA:1,(anonymous_2)
FNDA:1,(anonymous_3)
FNDA:4,error
FNDA:107,getContainer
FNDA:35,info
FNDA:0,subscribe
FNDA:24,success
FNDA:4,warning
FNDA:61,clear
FNDA:0,remove
FNDA:59,clearContainer
FNDA:87,clearToast
FNDA:28,(anonymous_14)
FNDA:27,createContainer
FNDA:238,getDefaults
FNDA:108,publish
FNDA:67,notify
FNDA:8,escapeHtml
FNDA:64,personalizeToast
FNDA:64,handleEvents
FNDA:1,(anonymous_22)
FNDA:0,(anonymous_23)
FNDA:64,displayToast
FNDA:64,setIcon
FNDA:64,setSequence
FNDA:64,setTitle
FNDA:64,setMessage
FNDA:64,setCloseButton
FNDA:64,setProgressBar
FNDA:67,shouldExit
FNDA:44,hideToast
FNDA:44,(anonymous_33)
FNDA:0,delayedHideToast
FNDA:0,stickAround
FNDA:199,updateProgress
FNDA:238,getOptions
FNDA:72,removeToast
FNDA:1,(anonymous_39)
DA:14,1
DA:15,1
DA:16,1
DA:17,1
DA:18,1
DA:19,1
DA:20,1
DA:27,1
DA:40,1
DA:42,1
DA:46,1
DA:47,4
DA:56,1
DA:57,107
DA:58,107
DA:59,107
DA:60,67
DA:62,40
DA:63,27
DA:65,40
DA:68,1
DA:69,35
DA:78,1
DA:79,0
DA:82,1
DA:83,24
DA:92,1
DA:93,4
DA:102,1
DA:103,61
DA:104,61
DA:105,61
DA:106,59
DA:110,1
DA:111,0
DA:112,0
DA:113,0
DA:114,0
DA:115,0
DA:117,0
DA:118,0
DA:124,1
DA:125,59
DA:126,59
DA:127,26
DA:131,1
DA:132,87
DA:133,87
DA:134,28
DA:137,28
DA:139,28
DA:141,59
DA:144,1
DA:145,27
DA:151,27
DA:152,27
DA:155,1
DA:156,238
DA:195,1
DA:196,108
DA:197,0
DA:200,1
DA:201,67
DA:202,67
DA:204,67
DA:205,2
DA:206,2
DA:209,67
DA:211,64
DA:213,64
DA:215,64
DA:216,64
DA:217,64
DA:218,64
DA:219,64
DA:220,64
DA:221,64
DA:226,64
DA:234,64
DA:236,64
DA:238,64
DA:240,64
DA:242,64
DA:243,0
DA:246,64
DA:248,1
DA:249,8
DA:250,0
DA:252,8
DA:260,1
DA:261,64
DA:262,64
DA:263,64
DA:264,64
DA:265,64
DA:266,64
DA:269,1
DA:270,64
DA:271,64
DA:272,64
DA:275,64
DA:276,3
DA:277,1
DA:278,1
DA:279,0
DA:280,0
DA:282,1
DA:286,64
DA:287,0
DA:288,0
DA:289,0
DA:294,1
DA:295,64
DA:297,64
DA:301,64
DA:302,64
DA:303,64
DA:304,64
DA:305,64
DA:306,1
DA:311,1
DA:312,64
DA:313,64
DA:317,1
DA:318,64
DA:319,56
DA:321,8
DA:325,1
DA:326,64
DA:327,40
DA:328,40
DA:332,1
DA:333,64
DA:334,54
DA:335,54
DA:339,1
DA:340,64
DA:341,3
DA:342,3
DA:346,1
DA:347,64
DA:348,1
DA:349,1
DA:353,1
DA:354,67
DA:355,9
DA:356,3
DA:358,6
DA:361,64
DA:364,1
DA:365,44
DA:366,44
DA:368,44
DA:369,44
DA:370,0
DA:372,44
DA:373,44
DA:377,44
DA:378,44
DA:379,2
DA:381,44
DA:382,44
DA:383,44
DA:388,1
DA:389,0
DA:390,0
DA:391,0
DA:392,0
DA:396,1
DA:397,0
DA:398,0
DA:399,0
DA:404,1
DA:405,199
DA:406,199
DA:410,1
DA:411,238
DA:414,1
DA:415,72
DA:416,72
DA:417,0
DA:419,72
DA:420,72
DA:421,72
DA:422,33
DA:423,33
DA:430,1
DA:431,0
DA:433,1
LF:189
LH:163
BRDA:57,1,0,43
BRDA:57,1,1,64
BRDA:59,2,0,67
BRDA:59,2,1,40
BRDA:62,3,0,27
BRDA:62,3,1,13
BRDA:104,4,0,0
BRDA:104,4,1,61
BRDA:105,5,0,59
BRDA:105,5,1,2
BRDA:112,6,0,0
BRDA:112,6,1,0
BRDA:113,7,0,0
BRDA:113,7,1,0
BRDA:113,8,0,0
BRDA:113,8,1,0
BRDA:117,9,0,0
BRDA:117,9,1,0
BRDA:132,10,0,1
BRDA:132,10,1,86
BRDA:132,11,0,87
BRDA:132,11,1,1
BRDA:133,12,0,28
BRDA:133,12,1,59
BRDA:133,13,0,87
BRDA:133,13,1,28
BRDA:133,13,2,27
BRDA:196,14,0,108
BRDA:196,14,1,0
BRDA:202,15,0,67
BRDA:202,15,1,0
BRDA:204,16,0,2
BRDA:204,16,1,65
BRDA:206,17,0,2
BRDA:206,17,1,2
BRDA:209,18,0,3
BRDA:209,18,1,64
BRDA:242,19,0,0
BRDA:242,19,1,64
BRDA:242,20,0,64
BRDA:242,20,1,0
BRDA:249,21,0,0
BRDA:249,21,1,8
BRDA:271,22,0,64
BRDA:271,22,1,0
BRDA:271,23,0,64
BRDA:271,23,1,64
BRDA:275,24,0,3
BRDA:275,24,1,61
BRDA:275,25,0,64
BRDA:275,25,1,3
BRDA:277,26,0,1
BRDA:277,26,1,0
BRDA:279,27,0,0
BRDA:279,27,1,0
BRDA:279,28,0,0
BRDA:279,28,1,0
BRDA:286,29,0,0
BRDA:286,29,1,64
BRDA:301,30,0,64
BRDA:301,30,1,0
BRDA:305,31,0,1
BRDA:305,31,1,63
BRDA:312,32,0,64
BRDA:312,32,1,0
BRDA:318,33,0,56
BRDA:318,33,1,8
BRDA:326,34,0,40
BRDA:326,34,1,24
BRDA:327,35,0,36
BRDA:327,35,1,4
BRDA:333,36,0,54
BRDA:333,36,1,10
BRDA:334,37,0,50
BRDA:334,37,1,4
BRDA:340,38,0,3
BRDA:340,38,1,61
BRDA:347,39,0,1
BRDA:347,39,1,63
BRDA:354,40,0,9
BRDA:354,40,1,58
BRDA:355,41,0,3
BRDA:355,41,1,6
BRDA:365,42,0,0
BRDA:365,42,1,44
BRDA:365,43,0,44
BRDA:365,43,1,1
BRDA:366,44,0,1
BRDA:366,44,1,43
BRDA:366,45,0,44
BRDA:366,45,1,1
BRDA:368,46,0,0
BRDA:368,46,1,44
BRDA:368,47,0,44
BRDA:368,47,1,1
BRDA:369,48,0,0
BRDA:369,48,1,44
BRDA:369,49,0,44
BRDA:369,49,1,0
BRDA:378,50,0,2
BRDA:378,50,1,42
BRDA:378,51,0,44
BRDA:378,51,1,2
BRDA:389,52,0,0
BRDA:389,52,1,0
BRDA:389,53,0,0
BRDA:389,53,1,0
BRDA:415,54,0,0
BRDA:415,54,1,72
BRDA:416,55,0,0
BRDA:416,55,1,72
BRDA:421,56,0,33
BRDA:421,56,1,39
BRDA:429,57,0,0
BRDA:429,57,1,1
BRDA:429,58,0,1
BRDA:429,58,1,0
BRDA:430,59,0,0
BRDA:430,59,1,1
BRDA:430,60,0,1
BRDA:430,60,1,1
BRF:121
BRH:85
end_of_record
